INFO:     Started server process [43604]
INFO:     Waiting for application startup.
INFO:     Application startup complete.
INFO:     Uvicorn running on http://127.0.0.1:8001 (Press CTRL+C to quit)
[DEBUG] Procurando .env em: C:\Documentos\BotCase\FlexFlow\backend\.env
[DEBUG] Arquivo .env existe: True
[DEBUG] DATABASE_URL carregada: postgresql://flexflow_app:Souza%40123@127.0.0.1:5434/flexflow_prod
[DEBUG] Initializing database engine...
[DEBUG] Conectando ao banco em: postgresql://flexflow_app:Souza%40123@127.0.0.1:5434/flexflow_prod
DEBUG: Connecting to DB via Unix Socket: 127.0.0.1:5434/flexflow_prod
[DEBUG] Pepper loaded in users router: True
[2026-06-14 20:41:02] Starting FlexFlow API...
[2026-06-14 20:41:02] FlexFlow API started successfully
[DEBUG] Starting background DB schema initialization...
added 'area' column to users table skipped/failed (likely already exists): (psycopg2.errors.DuplicateColumn) column "area" of relation "users" already exists

[SQL: ALTER TABLE users ADD COLUMN area VARCHAR(100)]
(Background on this error at: https://sqlalche.me/e/20/f405)
Successfully initialized client_preferences table.
Successfully initialized SupportTickets table.
Successfully initialized GlobalConfig table.
[DEBUG] Background DB schema initialization completed.
[2026-06-14 20:41:11] [REQUEST] POST /api/auth/login

================================================================================
[AUTH MIDDLEWARE] Request received: POST /api/auth/login
[HEADERS] All Headers:
  - host: 127.0.0.1:8001
  - user-agent: python-requests/2.32.5
  - accept-encoding: gzip, deflate
  - accept: */*
  - connection: keep-alive
  - content-length: 57
  - content-type: application/json
================================================================================


================================================================================
[AUTH LOGIN] Token Payload BEFORE encoding:
  - sub (user_id): a39e3176-55ac-460e-bcd2-958068737b0b
  - tenant_id: 23c431b9-da55-4098-9628-c86df8070b7c
  - email: thiago@botcase.net
  - name: Thiago BotCase
  - role: admin
  - permissions: ['po.create', 'po.read', 'po.update', 'po.approve_comercial', 'po.approve_pcp', 'po.approve_producao', 'po.complete_expedicao', 'po.complete_faturamento', 'po.approve_despacho']
  - SECRET_KEY (first 20 chars): botcase_flexflow_pro... [loaded from env: YES]
  - ALGORITHM: HS256
================================================================================


================================================================================
[AUTH LOGIN] Token GENERATED:
  - Token (first 50 chars): eyJhbGciOiJIUzI1NiIsInR5cCI6IkpXVCJ9.eyJzdWIiOiJhM...
  - Token (last 50 chars): ...DQ3MX0.tuaiboSm4K5rtVhhTtaJ92IbnVugN4d7Io3-ZzZ0csE
  - Token length: 592 chars
  - Expires in: 1440 minutes
================================================================================

[2026-06-14 20:41:11] [RESPONSE] POST /api/auth/login - Status: 200
INFO:     127.0.0.1:64132 - "POST /api/auth/login HTTP/1.1" 200 OK
[2026-06-14 20:41:11] [REQUEST] POST /api/kanban/pos/1894d558-d1fc-4627-a66c-83a485574688/upload-cargo-photo

================================================================================
[AUTH MIDDLEWARE] Request received: POST /api/kanban/pos/1894d558-d1fc-4627-a66c-83a485574688/upload-cargo-photo
[HEADERS] All Headers:
  - host: 127.0.0.1:8001
  - user-agent: python-requests/2.32.5
  - accept-encoding: gzip, deflate
  - accept: */*
  - connection: keep-alive
  - authorization: Bearer eyJhbGciOiJIUzI1NiIsInR5cCI6IkpXVCJ9.eyJzdW...VhhTtaJ92IbnVugN4d7Io3-ZzZ0csE
  - content-length: 336
  - content-type: multipart/form-data; boundary=ea9d5caf20ed91308afc82dcc28ae732
================================================================================

STEP 1: Request received at backend
STEP 2: File name received: test_cargo_fake.jpg
[2026-06-14 20:41:11] [RESPONSE] POST /api/kanban/pos/1894d558-d1fc-4627-a66c-83a485574688/upload-cargo-photo - Status: 404
INFO:     127.0.0.1:64135 - "POST /api/kanban/pos/1894d558-d1fc-4627-a66c-83a485574688/upload-cargo-photo HTTP/1.1" 404 Not Found
[2026-06-14 20:41:11] [REQUEST] POST /api/kanban/pos/1894d558-d1fc-4627-a66c-83a485574688/upload-receipt-photo

================================================================================
[AUTH MIDDLEWARE] Request received: POST /api/kanban/pos/1894d558-d1fc-4627-a66c-83a485574688/upload-receipt-photo
[HEADERS] All Headers:
  - host: 127.0.0.1:8001
  - user-agent: python-requests/2.32.5
  - accept-encoding: gzip, deflate
  - accept: */*
  - connection: keep-alive
  - authorization: Bearer eyJhbGciOiJIUzI1NiIsInR5cCI6IkpXVCJ9.eyJzdW...VhhTtaJ92IbnVugN4d7Io3-ZzZ0csE
  - content-length: 338
  - content-type: multipart/form-data; boundary=ed614c450b2c0b17df7ac5f9dee28fcb
================================================================================

[2026-06-14 20:41:11] [RESPONSE] POST /api/kanban/pos/1894d558-d1fc-4627-a66c-83a485574688/upload-receipt-photo - Status: 404
INFO:     127.0.0.1:64138 - "POST /api/kanban/pos/1894d558-d1fc-4627-a66c-83a485574688/upload-receipt-photo HTTP/1.1" 404 Not Found
